[2025-11-24T14:12:05.887+0000] {local_task_job_runner.py:120} INFO - ::group::Pre task execution logs
[2025-11-24T14:12:05.904+0000] {taskinstance.py:2076} INFO - Dependencies all met for dep_context=non-requeueable deps ti=<TaskInstance: minio_to_snowflake_banking.load_snowflake scheduled__2025-11-24T14:11:00+00:00 [queued]>
[2025-11-24T14:12:05.909+0000] {taskinstance.py:2076} INFO - Dependencies all met for dep_context=requeueable deps ti=<TaskInstance: minio_to_snowflake_banking.load_snowflake scheduled__2025-11-24T14:11:00+00:00 [queued]>
[2025-11-24T14:12:05.911+0000] {taskinstance.py:2306} INFO - Starting attempt 1 of 2
[2025-11-24T14:12:05.919+0000] {taskinstance.py:2330} INFO - Executing <Task(PythonOperator): load_snowflake> on 2025-11-24 14:11:00+00:00
[2025-11-24T14:12:05.927+0000] {logging_mixin.py:188} WARNING - /home/***/.local/lib/python3.12/site-packages/***/task/task_runner/standard_task_runner.py:62 DeprecationWarning: This process (pid=15024) is multi-threaded, use of fork() may lead to deadlocks in the child.
[2025-11-24T14:12:05.925+0000] {standard_task_runner.py:90} INFO - Running: ['***', 'tasks', 'run', 'minio_to_snowflake_banking', 'load_snowflake', 'scheduled__2025-11-24T14:11:00+00:00', '--job-id', '393', '--raw', '--subdir', 'DAGS_FOLDER/minio_to_snowflake_dags.py', '--cfg-path', '/tmp/tmpe52mk0o1']
[2025-11-24T14:12:05.928+0000] {standard_task_runner.py:64} INFO - Started process 15038 to run task
[2025-11-24T14:12:05.929+0000] {standard_task_runner.py:91} INFO - Job 393: Subtask load_snowflake
[2025-11-24T14:12:05.990+0000] {task_command.py:426} INFO - Running <TaskInstance: minio_to_snowflake_banking.load_snowflake scheduled__2025-11-24T14:11:00+00:00 [running]> on host 39b871a92752
[2025-11-24T14:12:06.052+0000] {taskinstance.py:2648} INFO - Exporting env vars: AIRFLOW_CTX_DAG_OWNER='***' AIRFLOW_CTX_DAG_ID='minio_to_snowflake_banking' AIRFLOW_CTX_TASK_ID='load_snowflake' AIRFLOW_CTX_EXECUTION_DATE='2025-11-24T14:11:00+00:00' AIRFLOW_CTX_TRY_NUMBER='1' AIRFLOW_CTX_DAG_RUN_ID='scheduled__2025-11-24T14:11:00+00:00'
[2025-11-24T14:12:06.053+0000] {taskinstance.py:430} INFO - ::endgroup::
[2025-11-24T14:12:06.069+0000] {connection.py:521} INFO - Snowflake Connector for Python Version: 3.18.0, Python Version: 3.12.4, Platform: Linux-6.6.87.2-microsoft-standard-WSL2-x86_64-with-glibc2.36
[2025-11-24T14:12:06.071+0000] {connection.py:1464} INFO - Connecting to GLOBAL Snowflake domain
[2025-11-24T14:12:06.972+0000] {logging_mixin.py:188} INFO - Uploaded /tmp/minio_downloads/customers_175620861529.parquet -> @customers stage
[2025-11-24T14:12:07.424+0000] {logging_mixin.py:188} INFO - Data loaded into customers
[2025-11-24T14:12:07.580+0000] {logging_mixin.py:188} INFO - Uploaded /tmp/minio_downloads/accounts_175620592035.parquet -> @accounts stage
[2025-11-24T14:12:07.697+0000] {logging_mixin.py:188} INFO - Uploaded /tmp/minio_downloads/accounts_175620691392.parquet -> @accounts stage
[2025-11-24T14:12:07.841+0000] {logging_mixin.py:188} INFO - Uploaded /tmp/minio_downloads/accounts_175620780653.parquet -> @accounts stage
[2025-11-24T14:12:08.175+0000] {logging_mixin.py:188} INFO - Data loaded into accounts
[2025-11-24T14:12:08.375+0000] {logging_mixin.py:188} INFO - Uploaded /tmp/minio_downloads/transactions_175620940828.parquet -> @transactions stage
[2025-11-24T14:12:08.479+0000] {logging_mixin.py:188} INFO - Uploaded /tmp/minio_downloads/transactions_175621026453.parquet -> @transactions stage
[2025-11-24T14:12:08.601+0000] {logging_mixin.py:188} INFO - Uploaded /tmp/minio_downloads/transactions_175621101964.parquet -> @transactions stage
[2025-11-24T14:12:08.730+0000] {logging_mixin.py:188} INFO - Uploaded /tmp/minio_downloads/transactions_175621184612.parquet -> @transactions stage
[2025-11-24T14:12:08.841+0000] {logging_mixin.py:188} INFO - Uploaded /tmp/minio_downloads/transactions_175621271829.parquet -> @transactions stage
[2025-11-24T14:12:09.023+0000] {logging_mixin.py:188} INFO - Uploaded /tmp/minio_downloads/transactions_175621388021.parquet -> @transactions stage
[2025-11-24T14:12:09.347+0000] {logging_mixin.py:188} INFO - Uploaded /tmp/minio_downloads/transactions_175621518802.parquet -> @transactions stage
[2025-11-24T14:12:09.477+0000] {logging_mixin.py:188} INFO - Uploaded /tmp/minio_downloads/transactions_175621602185.parquet -> @transactions stage
[2025-11-24T14:12:09.960+0000] {logging_mixin.py:188} INFO - Data loaded into transactions
[2025-11-24T14:12:10.034+0000] {python.py:237} INFO - Done. Returned value was: None
[2025-11-24T14:12:10.036+0000] {taskinstance.py:441} INFO - ::group::Post task execution logs
[2025-11-24T14:12:10.043+0000] {taskinstance.py:1206} INFO - Marking task as SUCCESS. dag_id=minio_to_snowflake_banking, task_id=load_snowflake, run_id=scheduled__2025-11-24T14:11:00+00:00, execution_date=20251124T141100, start_date=20251124T141205, end_date=20251124T141210
[2025-11-24T14:12:10.090+0000] {local_task_job_runner.py:243} INFO - Task exited with return code 0
[2025-11-24T14:12:10.103+0000] {taskinstance.py:3503} INFO - 0 downstream tasks scheduled from follow-on schedule check
[2025-11-24T14:12:10.105+0000] {local_task_job_runner.py:222} INFO - ::endgroup::
