[2025-11-25T11:01:52.973+0000] {local_task_job_runner.py:120} INFO - ::group::Pre task execution logs
[2025-11-25T11:01:53.031+0000] {taskinstance.py:2076} INFO - Dependencies all met for dep_context=non-requeueable deps ti=<TaskInstance: SCD2_snapshots.dbt_snapshot scheduled__2025-11-24T00:00:00+00:00 [queued]>
[2025-11-25T11:01:53.042+0000] {taskinstance.py:2076} INFO - Dependencies all met for dep_context=requeueable deps ti=<TaskInstance: SCD2_snapshots.dbt_snapshot scheduled__2025-11-24T00:00:00+00:00 [queued]>
[2025-11-25T11:01:53.045+0000] {taskinstance.py:2306} INFO - Starting attempt 1 of 2
[2025-11-25T11:01:53.059+0000] {taskinstance.py:2330} INFO - Executing <Task(BashOperator): dbt_snapshot> on 2025-11-24 00:00:00+00:00
[2025-11-25T11:01:53.066+0000] {standard_task_runner.py:64} INFO - Started process 25419 to run task
[2025-11-25T11:01:53.071+0000] {standard_task_runner.py:90} INFO - Running: ['***', 'tasks', 'run', 'SCD2_snapshots', 'dbt_snapshot', 'scheduled__2025-11-24T00:00:00+00:00', '--job-id', '662', '--raw', '--subdir', 'DAGS_FOLDER/scd_snapshots.py', '--cfg-path', '/tmp/tmpyq5zpzvx']
[2025-11-25T11:01:53.075+0000] {standard_task_runner.py:91} INFO - Job 662: Subtask dbt_snapshot
[2025-11-25T11:01:53.186+0000] {task_command.py:426} INFO - Running <TaskInstance: SCD2_snapshots.dbt_snapshot scheduled__2025-11-24T00:00:00+00:00 [running]> on host 39b871a92752
[2025-11-25T11:01:53.294+0000] {taskinstance.py:2648} INFO - Exporting env vars: AIRFLOW_CTX_DAG_OWNER='***' AIRFLOW_CTX_DAG_ID='SCD2_snapshots' AIRFLOW_CTX_TASK_ID='dbt_snapshot' AIRFLOW_CTX_EXECUTION_DATE='2025-11-24T00:00:00+00:00' AIRFLOW_CTX_TRY_NUMBER='1' AIRFLOW_CTX_DAG_RUN_ID='scheduled__2025-11-24T00:00:00+00:00'
[2025-11-25T11:01:53.313+0000] {taskinstance.py:430} INFO - ::endgroup::
[2025-11-25T11:01:53.340+0000] {subprocess.py:63} INFO - Tmp dir root location: /tmp
[2025-11-25T11:01:53.341+0000] {subprocess.py:75} INFO - Running command: ['/usr/bin/bash', '-c', 'cd /opt/***/banking_dbt && dbt snapshot --profiles-dir /home/***/.dbt']
[2025-11-25T11:01:53.354+0000] {subprocess.py:86} INFO - Output:
[2025-11-25T11:01:57.134+0000] {subprocess.py:93} INFO - [0m11:01:57  Running with dbt=1.10.15
[2025-11-25T11:01:59.336+0000] {subprocess.py:93} INFO - [0m11:01:59  Registered adapter: snowflake=1.10.3
[2025-11-25T11:01:59.649+0000] {subprocess.py:93} INFO - [0m11:01:59  Unable to do partial parsing because of a version mismatch
[2025-11-25T11:02:01.726+0000] {subprocess.py:93} INFO - [0m11:02:01  [[33mWARNING[0m]: Configuration paths exist in your dbt_project.yml file which do not apply to any resources.
[2025-11-25T11:02:01.729+0000] {subprocess.py:93} INFO - There are 1 unused configuration paths:
[2025-11-25T11:02:01.730+0000] {subprocess.py:93} INFO - - models.banking_dbt.example
[2025-11-25T11:02:02.034+0000] {subprocess.py:93} INFO - [0m11:02:02  Found 6 models, 2 snapshots, 3 sources, 504 macros
[2025-11-25T11:02:02.039+0000] {subprocess.py:93} INFO - [0m11:02:02
[2025-11-25T11:02:02.041+0000] {subprocess.py:93} INFO - [0m11:02:02  Concurrency: 4 threads (target='dev')
[2025-11-25T11:02:02.042+0000] {subprocess.py:93} INFO - [0m11:02:02
[2025-11-25T11:02:03.290+0000] {subprocess.py:93} INFO - [0m11:02:03  1 of 2 START snapshot ANALYTICS.accounts_snapshot .............................. [RUN]
[2025-11-25T11:02:03.294+0000] {subprocess.py:93} INFO - [0m11:02:03  2 of 2 START snapshot ANALYTICS.customers_snapshot ............................. [RUN]
[2025-11-25T11:02:07.077+0000] {subprocess.py:93} INFO - [0m11:02:07  2 of 2 OK snapshotted ANALYTICS.customers_snapshot ............................. [[32mSUCCESS 0[0m in 3.77s]
[2025-11-25T11:02:07.081+0000] {subprocess.py:93} INFO - [0m11:02:07  1 of 2 OK snapshotted ANALYTICS.accounts_snapshot .............................. [[32mSUCCESS 0[0m in 3.78s]
[2025-11-25T11:02:07.234+0000] {subprocess.py:93} INFO - [0m11:02:07
[2025-11-25T11:02:07.237+0000] {subprocess.py:93} INFO - [0m11:02:07  Finished running 2 snapshots in 0 hours 0 minutes and 5.19 seconds (5.19s).
[2025-11-25T11:02:07.381+0000] {subprocess.py:93} INFO - [0m11:02:07
[2025-11-25T11:02:07.382+0000] {subprocess.py:93} INFO - [0m11:02:07  [32mCompleted successfully[0m
[2025-11-25T11:02:07.384+0000] {subprocess.py:93} INFO - [0m11:02:07
[2025-11-25T11:02:07.386+0000] {subprocess.py:93} INFO - [0m11:02:07  Done. PASS=2 WARN=0 ERROR=0 SKIP=0 NO-OP=0 TOTAL=2
[2025-11-25T11:02:08.506+0000] {subprocess.py:97} INFO - Command exited with return code 0
[2025-11-25T11:02:08.509+0000] {taskinstance.py:441} INFO - ::group::Post task execution logs
[2025-11-25T11:02:08.542+0000] {taskinstance.py:1206} INFO - Marking task as SUCCESS. dag_id=SCD2_snapshots, task_id=dbt_snapshot, run_id=scheduled__2025-11-24T00:00:00+00:00, execution_date=20251124T000000, start_date=20251125T110153, end_date=20251125T110208
[2025-11-25T11:02:08.566+0000] {local_task_job_runner.py:243} INFO - Task exited with return code 0
[2025-11-25T11:02:08.584+0000] {taskinstance.py:3503} INFO - 0 downstream tasks scheduled from follow-on schedule check
[2025-11-25T11:02:08.587+0000] {local_task_job_runner.py:222} INFO - ::endgroup::
