[2025-11-24T12:41:10.100+0000] {local_task_job_runner.py:120} INFO - ::group::Pre task execution logs
[2025-11-24T12:41:10.179+0000] {taskinstance.py:2076} INFO - Dependencies all met for dep_context=non-requeueable deps ti=<TaskInstance: minio_to_snowflake_banking.load_snowflake scheduled__2025-11-24T12:40:00+00:00 [queued]>
[2025-11-24T12:41:10.208+0000] {taskinstance.py:2076} INFO - Dependencies all met for dep_context=requeueable deps ti=<TaskInstance: minio_to_snowflake_banking.load_snowflake scheduled__2025-11-24T12:40:00+00:00 [queued]>
[2025-11-24T12:41:10.216+0000] {taskinstance.py:2306} INFO - Starting attempt 1 of 2
[2025-11-24T12:41:10.238+0000] {taskinstance.py:2330} INFO - Executing <Task(PythonOperator): load_snowflake> on 2025-11-24 12:40:00+00:00
[2025-11-24T12:41:10.255+0000] {standard_task_runner.py:90} INFO - Running: ['***', 'tasks', 'run', 'minio_to_snowflake_banking', 'load_snowflake', 'scheduled__2025-11-24T12:40:00+00:00', '--job-id', '274', '--raw', '--subdir', 'DAGS_FOLDER/minio_to_snowflake_dags.py', '--cfg-path', '/tmp/tmphunrsx1h']
[2025-11-24T12:41:10.263+0000] {logging_mixin.py:188} WARNING - /home/***/.local/lib/python3.12/site-packages/***/task/task_runner/standard_task_runner.py:62 DeprecationWarning: This process (pid=10457) is multi-threaded, use of fork() may lead to deadlocks in the child.
[2025-11-24T12:41:10.265+0000] {standard_task_runner.py:91} INFO - Job 274: Subtask load_snowflake
[2025-11-24T12:41:10.269+0000] {standard_task_runner.py:64} INFO - Started process 10471 to run task
[2025-11-24T12:41:10.427+0000] {task_command.py:426} INFO - Running <TaskInstance: minio_to_snowflake_banking.load_snowflake scheduled__2025-11-24T12:40:00+00:00 [running]> on host 39b871a92752
[2025-11-24T12:41:10.541+0000] {taskinstance.py:2648} INFO - Exporting env vars: AIRFLOW_CTX_DAG_OWNER='***' AIRFLOW_CTX_DAG_ID='minio_to_snowflake_banking' AIRFLOW_CTX_TASK_ID='load_snowflake' AIRFLOW_CTX_EXECUTION_DATE='2025-11-24T12:40:00+00:00' AIRFLOW_CTX_TRY_NUMBER='1' AIRFLOW_CTX_DAG_RUN_ID='scheduled__2025-11-24T12:40:00+00:00'
[2025-11-24T12:41:10.542+0000] {taskinstance.py:430} INFO - ::endgroup::
[2025-11-24T12:41:10.571+0000] {connection.py:521} INFO - Snowflake Connector for Python Version: 3.18.0, Python Version: 3.12.4, Platform: Linux-6.6.87.2-microsoft-standard-WSL2-x86_64-with-glibc2.36
[2025-11-24T12:41:10.573+0000] {connection.py:1464} INFO - Connecting to GLOBAL Snowflake domain
[2025-11-24T12:41:12.031+0000] {file_transfer_agent.py:631} ERROR - An exception was raised in <bound method SnowflakeStorageClient.prepare_upload of <snowflake.connector.s3_storage_client.SnowflakeS3RestClient object at 0x7767b2f43020>>
Traceback (most recent call last):
  File "/home/airflow/.local/lib/python3.12/site-packages/snowflake/connector/file_transfer_agent.py", line 628, in function_and_callback_wrapper
    work(*args, **kwargs),
    ^^^^^^^^^^^^^^^^^^^^^
  File "/home/airflow/.local/lib/python3.12/site-packages/snowflake/connector/storage_client.py", line 228, in prepare_upload
    self.preprocess()
  File "/home/airflow/.local/lib/python3.12/site-packages/snowflake/connector/storage_client.py", line 194, in preprocess
    file_header = self.get_file_header(
                  ^^^^^^^^^^^^^^^^^^^^^
  File "/home/airflow/.local/lib/python3.12/site-packages/snowflake/connector/s3_storage_client.py", line 428, in get_file_header
    response.raise_for_status()
  File "/home/airflow/.local/lib/python3.12/site-packages/snowflake/connector/vendored/requests/models.py", line 1026, in raise_for_status
    raise HTTPError(http_error_msg, response=self)
snowflake.connector.vendored.requests.exceptions.HTTPError: 403 Client Error: Forbidden for url: https://sfc-ie-ds1-30-customer-stage.s3.amazonaws.com/1bx91000-s/tables/13538296429/customers_175620861529.parquet
[2025-11-24T12:41:12.038+0000] {taskinstance.py:441} INFO - ::group::Post task execution logs
[2025-11-24T12:41:12.039+0000] {taskinstance.py:2905} ERROR - Task failed with exception
Traceback (most recent call last):
  File "/home/airflow/.local/lib/python3.12/site-packages/airflow/models/taskinstance.py", line 465, in _execute_task
    result = _execute_callable(context=context, **execute_callable_kwargs)
             ^^^^^^^^^^^^^^^^^^^^^^^^^^^^^^^^^^^^^^^^^^^^^^^^^^^^^^^^^^^^^
  File "/home/airflow/.local/lib/python3.12/site-packages/airflow/models/taskinstance.py", line 432, in _execute_callable
    return execute_callable(context=context, **execute_callable_kwargs)
           ^^^^^^^^^^^^^^^^^^^^^^^^^^^^^^^^^^^^^^^^^^^^^^^^^^^^^^^^^^^^
  File "/home/airflow/.local/lib/python3.12/site-packages/airflow/models/baseoperator.py", line 401, in wrapper
    return func(self, *args, **kwargs)
           ^^^^^^^^^^^^^^^^^^^^^^^^^^^
  File "/home/airflow/.local/lib/python3.12/site-packages/airflow/operators/python.py", line 235, in execute
    return_value = self.execute_callable()
                   ^^^^^^^^^^^^^^^^^^^^^^^
  File "/home/airflow/.local/lib/python3.12/site-packages/airflow/operators/python.py", line 252, in execute_callable
    return self.python_callable(*self.op_args, **self.op_kwargs)
           ^^^^^^^^^^^^^^^^^^^^^^^^^^^^^^^^^^^^^^^^^^^^^^^^^^^^^
  File "/opt/airflow/dags/minio_to_snowflake_dags.py", line 74, in load_to_snowflake
    cur.execute(f"PUT file://{f} @%{table}")
  File "/home/airflow/.local/lib/python3.12/site-packages/snowflake/connector/cursor.py", line 1088, in execute
    data = sf_file_transfer_agent.result()
           ^^^^^^^^^^^^^^^^^^^^^^^^^^^^^^^
  File "/home/airflow/.local/lib/python3.12/site-packages/snowflake/connector/file_transfer_agent.py", line 782, in result
    Error.errorhandler_wrapper(
  File "/home/airflow/.local/lib/python3.12/site-packages/snowflake/connector/errors.py", line 286, in errorhandler_wrapper
    handed_over = Error.hand_to_other_handler(
                  ^^^^^^^^^^^^^^^^^^^^^^^^^^^^
  File "/home/airflow/.local/lib/python3.12/site-packages/snowflake/connector/errors.py", line 341, in hand_to_other_handler
    cursor.errorhandler(connection, cursor, error_class, error_value)
  File "/home/airflow/.local/lib/python3.12/site-packages/snowflake/connector/errors.py", line 217, in default_errorhandler
    raise error_class(
snowflake.connector.errors.OperationalError: 253003: 253003: While putting file(s) there was an error: 'HTTPError('403 Client Error: Forbidden for url: https://sfc-ie-ds1-30-customer-stage.s3.amazonaws.com/1bx91000-s/tables/13538296429/customers_175620861529.parquet')', this might be caused by your access to the blob storage provider, or by Snowflake.
[2025-11-24T12:41:12.048+0000] {taskinstance.py:1206} INFO - Marking task as UP_FOR_RETRY. dag_id=minio_to_snowflake_banking, task_id=load_snowflake, run_id=scheduled__2025-11-24T12:40:00+00:00, execution_date=20251124T124000, start_date=20251124T124110, end_date=20251124T124112
[2025-11-24T12:41:12.059+0000] {standard_task_runner.py:110} ERROR - Failed to execute job 274 for task load_snowflake (253003: 253003: While putting file(s) there was an error: 'HTTPError('403 Client Error: Forbidden for url: https://sfc-ie-ds1-30-customer-stage.s3.amazonaws.com/1bx91000-s/tables/13538296429/customers_175620861529.parquet')', this might be caused by your access to the blob storage provider, or by Snowflake.; 10471)
[2025-11-24T12:41:12.104+0000] {local_task_job_runner.py:243} INFO - Task exited with return code 1
[2025-11-24T12:41:12.118+0000] {taskinstance.py:3503} INFO - 0 downstream tasks scheduled from follow-on schedule check
[2025-11-24T12:41:12.121+0000] {local_task_job_runner.py:222} INFO - ::endgroup::
