[2025-11-24T11:18:03.821+0000] {local_task_job_runner.py:120} INFO - ::group::Pre task execution logs
[2025-11-24T11:18:03.844+0000] {taskinstance.py:2076} INFO - Dependencies all met for dep_context=non-requeueable deps ti=<TaskInstance: minio_to_snowflake_banking.download_minio scheduled__2025-11-24T11:17:00+00:00 [queued]>
[2025-11-24T11:18:03.851+0000] {taskinstance.py:2076} INFO - Dependencies all met for dep_context=requeueable deps ti=<TaskInstance: minio_to_snowflake_banking.download_minio scheduled__2025-11-24T11:17:00+00:00 [queued]>
[2025-11-24T11:18:03.852+0000] {taskinstance.py:2306} INFO - Starting attempt 1 of 2
[2025-11-24T11:18:03.862+0000] {taskinstance.py:2330} INFO - Executing <Task(PythonOperator): download_minio> on 2025-11-24 11:17:00+00:00
[2025-11-24T11:18:03.875+0000] {standard_task_runner.py:90} INFO - Running: ['***', 'tasks', 'run', 'minio_to_snowflake_banking', 'download_minio', 'scheduled__2025-11-24T11:17:00+00:00', '--job-id', '211', '--raw', '--subdir', 'DAGS_FOLDER/minio_to_snowflake_dags.py', '--cfg-path', '/tmp/tmpjot2d0vh']
[2025-11-24T11:18:03.884+0000] {standard_task_runner.py:91} INFO - Job 211: Subtask download_minio
[2025-11-24T11:18:03.882+0000] {logging_mixin.py:188} WARNING - /home/***/.local/lib/python3.12/site-packages/***/task/task_runner/standard_task_runner.py:62 DeprecationWarning: This process (pid=8033) is multi-threaded, use of fork() may lead to deadlocks in the child.
[2025-11-24T11:18:03.886+0000] {standard_task_runner.py:64} INFO - Started process 8047 to run task
[2025-11-24T11:18:03.967+0000] {task_command.py:426} INFO - Running <TaskInstance: minio_to_snowflake_banking.download_minio scheduled__2025-11-24T11:17:00+00:00 [running]> on host 39b871a92752
[2025-11-24T11:18:04.051+0000] {taskinstance.py:2648} INFO - Exporting env vars: AIRFLOW_CTX_DAG_OWNER='***' AIRFLOW_CTX_DAG_ID='minio_to_snowflake_banking' AIRFLOW_CTX_TASK_ID='download_minio' AIRFLOW_CTX_EXECUTION_DATE='2025-11-24T11:17:00+00:00' AIRFLOW_CTX_TRY_NUMBER='1' AIRFLOW_CTX_DAG_RUN_ID='scheduled__2025-11-24T11:17:00+00:00'
[2025-11-24T11:18:04.052+0000] {taskinstance.py:430} INFO - ::endgroup::
[2025-11-24T11:18:04.366+0000] {logging_mixin.py:188} INFO - Downloaded customers/date=2025-11-23/customers_175620861529.parquet -> /tmp/minio_downloads/customers_175620861529.parquet
[2025-11-24T11:18:04.399+0000] {logging_mixin.py:188} INFO - Downloaded accounts/date=2025-11-23/accounts_175620592035.parquet -> /tmp/minio_downloads/accounts_175620592035.parquet
[2025-11-24T11:18:04.414+0000] {logging_mixin.py:188} INFO - Downloaded accounts/date=2025-11-23/accounts_175620691392.parquet -> /tmp/minio_downloads/accounts_175620691392.parquet
[2025-11-24T11:18:04.432+0000] {logging_mixin.py:188} INFO - Downloaded accounts/date=2025-11-23/accounts_175620780653.parquet -> /tmp/minio_downloads/accounts_175620780653.parquet
[2025-11-24T11:18:04.486+0000] {logging_mixin.py:188} INFO - Downloaded transactions/date=2025-11-23/transactions_175620940828.parquet -> /tmp/minio_downloads/transactions_175620940828.parquet
[2025-11-24T11:18:04.502+0000] {logging_mixin.py:188} INFO - Downloaded transactions/date=2025-11-23/transactions_175621026453.parquet -> /tmp/minio_downloads/transactions_175621026453.parquet
[2025-11-24T11:18:04.515+0000] {logging_mixin.py:188} INFO - Downloaded transactions/date=2025-11-23/transactions_175621101964.parquet -> /tmp/minio_downloads/transactions_175621101964.parquet
[2025-11-24T11:18:04.526+0000] {logging_mixin.py:188} INFO - Downloaded transactions/date=2025-11-23/transactions_175621184612.parquet -> /tmp/minio_downloads/transactions_175621184612.parquet
[2025-11-24T11:18:04.539+0000] {logging_mixin.py:188} INFO - Downloaded transactions/date=2025-11-23/transactions_175621271829.parquet -> /tmp/minio_downloads/transactions_175621271829.parquet
[2025-11-24T11:18:04.552+0000] {logging_mixin.py:188} INFO - Downloaded transactions/date=2025-11-23/transactions_175621388021.parquet -> /tmp/minio_downloads/transactions_175621388021.parquet
[2025-11-24T11:18:04.564+0000] {logging_mixin.py:188} INFO - Downloaded transactions/date=2025-11-23/transactions_175621518802.parquet -> /tmp/minio_downloads/transactions_175621518802.parquet
[2025-11-24T11:18:04.578+0000] {logging_mixin.py:188} INFO - Downloaded transactions/date=2025-11-23/transactions_175621602185.parquet -> /tmp/minio_downloads/transactions_175621602185.parquet
[2025-11-24T11:18:04.579+0000] {python.py:237} INFO - Done. Returned value was: {'customers': ['/tmp/minio_downloads/customers_175620861529.parquet'], 'accounts': ['/tmp/minio_downloads/accounts_175620592035.parquet', '/tmp/minio_downloads/accounts_175620691392.parquet', '/tmp/minio_downloads/accounts_175620780653.parquet'], 'transactions': ['/tmp/minio_downloads/transactions_175620940828.parquet', '/tmp/minio_downloads/transactions_175621026453.parquet', '/tmp/minio_downloads/transactions_175621101964.parquet', '/tmp/minio_downloads/transactions_175621184612.parquet', '/tmp/minio_downloads/transactions_175621271829.parquet', '/tmp/minio_downloads/transactions_175621388021.parquet', '/tmp/minio_downloads/transactions_175621518802.parquet', '/tmp/minio_downloads/transactions_175621602185.parquet']}
[2025-11-24T11:18:04.579+0000] {taskinstance.py:441} INFO - ::group::Post task execution logs
[2025-11-24T11:18:04.601+0000] {taskinstance.py:1206} INFO - Marking task as SUCCESS. dag_id=minio_to_snowflake_banking, task_id=download_minio, run_id=scheduled__2025-11-24T11:17:00+00:00, execution_date=20251124T111700, start_date=20251124T111803, end_date=20251124T111804
[2025-11-24T11:18:04.624+0000] {local_task_job_runner.py:243} INFO - Task exited with return code 0
[2025-11-24T11:18:04.646+0000] {taskinstance.py:3503} INFO - 1 downstream tasks scheduled from follow-on schedule check
[2025-11-24T11:18:04.649+0000] {local_task_job_runner.py:222} INFO - ::endgroup::
