[2025-11-25T11:02:12.233+0000] {local_task_job_runner.py:120} INFO - ::group::Pre task execution logs
[2025-11-25T11:02:12.265+0000] {taskinstance.py:2076} INFO - Dependencies all met for dep_context=non-requeueable deps ti=<TaskInstance: SCD2_snapshots.dbt_run_marts scheduled__2025-11-24T00:00:00+00:00 [queued]>
[2025-11-25T11:02:12.275+0000] {taskinstance.py:2076} INFO - Dependencies all met for dep_context=requeueable deps ti=<TaskInstance: SCD2_snapshots.dbt_run_marts scheduled__2025-11-24T00:00:00+00:00 [queued]>
[2025-11-25T11:02:12.277+0000] {taskinstance.py:2306} INFO - Starting attempt 1 of 2
[2025-11-25T11:02:12.292+0000] {taskinstance.py:2330} INFO - Executing <Task(BashOperator): dbt_run_marts> on 2025-11-24 00:00:00+00:00
[2025-11-25T11:02:12.297+0000] {standard_task_runner.py:64} INFO - Started process 25473 to run task
[2025-11-25T11:02:12.302+0000] {standard_task_runner.py:90} INFO - Running: ['***', 'tasks', 'run', 'SCD2_snapshots', 'dbt_run_marts', 'scheduled__2025-11-24T00:00:00+00:00', '--job-id', '663', '--raw', '--subdir', 'DAGS_FOLDER/scd_snapshots.py', '--cfg-path', '/tmp/tmp8jkxg513']
[2025-11-25T11:02:12.305+0000] {standard_task_runner.py:91} INFO - Job 663: Subtask dbt_run_marts
[2025-11-25T11:02:12.392+0000] {task_command.py:426} INFO - Running <TaskInstance: SCD2_snapshots.dbt_run_marts scheduled__2025-11-24T00:00:00+00:00 [running]> on host 39b871a92752
[2025-11-25T11:02:12.487+0000] {taskinstance.py:2648} INFO - Exporting env vars: AIRFLOW_CTX_DAG_OWNER='***' AIRFLOW_CTX_DAG_ID='SCD2_snapshots' AIRFLOW_CTX_TASK_ID='dbt_run_marts' AIRFLOW_CTX_EXECUTION_DATE='2025-11-24T00:00:00+00:00' AIRFLOW_CTX_TRY_NUMBER='1' AIRFLOW_CTX_DAG_RUN_ID='scheduled__2025-11-24T00:00:00+00:00'
[2025-11-25T11:02:12.490+0000] {taskinstance.py:430} INFO - ::endgroup::
[2025-11-25T11:02:12.506+0000] {subprocess.py:63} INFO - Tmp dir root location: /tmp
[2025-11-25T11:02:12.507+0000] {subprocess.py:75} INFO - Running command: ['/usr/bin/bash', '-c', 'cd /opt/***/banking_dbt && dbt run --select marts --profiles-dir /home/***/.dbt']
[2025-11-25T11:02:12.514+0000] {subprocess.py:86} INFO - Output:
[2025-11-25T11:02:15.095+0000] {subprocess.py:93} INFO - [0m11:02:15  Running with dbt=1.10.15
[2025-11-25T11:02:16.213+0000] {subprocess.py:93} INFO - [0m11:02:16  Registered adapter: snowflake=1.10.3
[2025-11-25T11:02:16.871+0000] {subprocess.py:93} INFO - [0m11:02:16  [[33mWARNING[0m]: Configuration paths exist in your dbt_project.yml file which do not apply to any resources.
[2025-11-25T11:02:16.883+0000] {subprocess.py:93} INFO - There are 1 unused configuration paths:
[2025-11-25T11:02:16.899+0000] {subprocess.py:93} INFO - - models.banking_dbt.example
[2025-11-25T11:02:17.362+0000] {subprocess.py:93} INFO - [0m11:02:17  Found 6 models, 2 snapshots, 3 sources, 504 macros
[2025-11-25T11:02:17.436+0000] {subprocess.py:93} INFO - [0m11:02:17
[2025-11-25T11:02:17.447+0000] {subprocess.py:93} INFO - [0m11:02:17  Concurrency: 4 threads (target='dev')
[2025-11-25T11:02:17.460+0000] {subprocess.py:93} INFO - [0m11:02:17
[2025-11-25T11:02:18.732+0000] {subprocess.py:93} INFO - [0m11:02:18  1 of 3 START sql table model analytics.dim_accounts ............................ [RUN]
[2025-11-25T11:02:18.735+0000] {subprocess.py:93} INFO - [0m11:02:18  2 of 3 START sql table model analytics.dim_csutomers ........................... [RUN]
[2025-11-25T11:02:18.736+0000] {subprocess.py:93} INFO - [0m11:02:18  3 of 3 START sql incremental model analytics.fact_transactions ................. [RUN]
[2025-11-25T11:02:19.884+0000] {subprocess.py:93} INFO - [0m11:02:19  2 of 3 OK created sql table model analytics.dim_csutomers ...................... [[32mSUCCESS 1[0m in 1.13s]
[2025-11-25T11:02:19.899+0000] {subprocess.py:93} INFO - [0m11:02:19  1 of 3 OK created sql table model analytics.dim_accounts ....................... [[32mSUCCESS 1[0m in 1.16s]
[2025-11-25T11:02:21.856+0000] {subprocess.py:93} INFO - [0m11:02:21  3 of 3 OK created sql incremental model analytics.fact_transactions ............ [[32mSUCCESS 400[0m in 3.08s]
[2025-11-25T11:02:22.349+0000] {subprocess.py:93} INFO - [0m11:02:22
[2025-11-25T11:02:22.362+0000] {subprocess.py:93} INFO - [0m11:02:22  Finished running 1 incremental model, 2 table models in 0 hours 0 minutes and 4.88 seconds (4.88s).
[2025-11-25T11:02:23.206+0000] {subprocess.py:93} INFO - [0m11:02:23
[2025-11-25T11:02:23.226+0000] {subprocess.py:93} INFO - [0m11:02:23  [32mCompleted successfully[0m
[2025-11-25T11:02:23.240+0000] {subprocess.py:93} INFO - [0m11:02:23
[2025-11-25T11:02:23.263+0000] {subprocess.py:93} INFO - [0m11:02:23  Done. PASS=3 WARN=0 ERROR=0 SKIP=0 NO-OP=0 TOTAL=3
[2025-11-25T11:02:24.487+0000] {subprocess.py:97} INFO - Command exited with return code 0
[2025-11-25T11:02:24.488+0000] {taskinstance.py:441} INFO - ::group::Post task execution logs
[2025-11-25T11:02:24.517+0000] {taskinstance.py:1206} INFO - Marking task as SUCCESS. dag_id=SCD2_snapshots, task_id=dbt_run_marts, run_id=scheduled__2025-11-24T00:00:00+00:00, execution_date=20251124T000000, start_date=20251125T110212, end_date=20251125T110224
[2025-11-25T11:02:24.557+0000] {local_task_job_runner.py:243} INFO - Task exited with return code 0
[2025-11-25T11:02:24.575+0000] {taskinstance.py:3503} INFO - 0 downstream tasks scheduled from follow-on schedule check
[2025-11-25T11:02:24.578+0000] {local_task_job_runner.py:222} INFO - ::endgroup::
