[2025-11-24T10:51:04.425+0000] {local_task_job_runner.py:120} INFO - ::group::Pre task execution logs
[2025-11-24T10:51:04.452+0000] {taskinstance.py:2076} INFO - Dependencies all met for dep_context=non-requeueable deps ti=<TaskInstance: minio_to_snowflake_banking.download_minio scheduled__2025-11-24T10:50:00+00:00 [queued]>
[2025-11-24T10:51:04.461+0000] {taskinstance.py:2076} INFO - Dependencies all met for dep_context=requeueable deps ti=<TaskInstance: minio_to_snowflake_banking.download_minio scheduled__2025-11-24T10:50:00+00:00 [queued]>
[2025-11-24T10:51:04.461+0000] {taskinstance.py:2306} INFO - Starting attempt 1 of 2
[2025-11-24T10:51:04.472+0000] {taskinstance.py:2330} INFO - Executing <Task(PythonOperator): download_minio> on 2025-11-24 10:50:00+00:00
[2025-11-24T10:51:04.481+0000] {standard_task_runner.py:90} INFO - Running: ['***', 'tasks', 'run', 'minio_to_snowflake_banking', 'download_minio', 'scheduled__2025-11-24T10:50:00+00:00', '--job-id', '163', '--raw', '--subdir', 'DAGS_FOLDER/minio_to_snowflake_dags.py', '--cfg-path', '/tmp/tmpsxuy56pa']
[2025-11-24T10:51:04.484+0000] {standard_task_runner.py:91} INFO - Job 163: Subtask download_minio
[2025-11-24T10:51:04.485+0000] {logging_mixin.py:188} WARNING - /home/***/.local/lib/python3.12/site-packages/***/task/task_runner/standard_task_runner.py:62 DeprecationWarning: This process (pid=6186) is multi-threaded, use of fork() may lead to deadlocks in the child.
[2025-11-24T10:51:04.487+0000] {standard_task_runner.py:64} INFO - Started process 6200 to run task
[2025-11-24T10:51:04.558+0000] {task_command.py:426} INFO - Running <TaskInstance: minio_to_snowflake_banking.download_minio scheduled__2025-11-24T10:50:00+00:00 [running]> on host 39b871a92752
[2025-11-24T10:51:04.653+0000] {taskinstance.py:2648} INFO - Exporting env vars: AIRFLOW_CTX_DAG_OWNER='***' AIRFLOW_CTX_DAG_ID='minio_to_snowflake_banking' AIRFLOW_CTX_TASK_ID='download_minio' AIRFLOW_CTX_EXECUTION_DATE='2025-11-24T10:50:00+00:00' AIRFLOW_CTX_TRY_NUMBER='1' AIRFLOW_CTX_DAG_RUN_ID='scheduled__2025-11-24T10:50:00+00:00'
[2025-11-24T10:51:04.655+0000] {taskinstance.py:430} INFO - ::endgroup::
[2025-11-24T10:51:05.044+0000] {logging_mixin.py:188} INFO - Downloaded customers/date=2025-11-23/customers_175620861529.parquet -> /tmp/minio_downloads/customers_175620861529.parquet
[2025-11-24T10:51:05.091+0000] {logging_mixin.py:188} INFO - Downloaded accounts/date=2025-11-23/accounts_175620592035.parquet -> /tmp/minio_downloads/accounts_175620592035.parquet
[2025-11-24T10:51:05.111+0000] {logging_mixin.py:188} INFO - Downloaded accounts/date=2025-11-23/accounts_175620691392.parquet -> /tmp/minio_downloads/accounts_175620691392.parquet
[2025-11-24T10:51:05.129+0000] {logging_mixin.py:188} INFO - Downloaded accounts/date=2025-11-23/accounts_175620780653.parquet -> /tmp/minio_downloads/accounts_175620780653.parquet
[2025-11-24T10:51:05.191+0000] {logging_mixin.py:188} INFO - Downloaded transactions/date=2025-11-23/transactions_175620940828.parquet -> /tmp/minio_downloads/transactions_175620940828.parquet
[2025-11-24T10:51:05.212+0000] {logging_mixin.py:188} INFO - Downloaded transactions/date=2025-11-23/transactions_175621026453.parquet -> /tmp/minio_downloads/transactions_175621026453.parquet
[2025-11-24T10:51:05.230+0000] {logging_mixin.py:188} INFO - Downloaded transactions/date=2025-11-23/transactions_175621101964.parquet -> /tmp/minio_downloads/transactions_175621101964.parquet
[2025-11-24T10:51:05.248+0000] {logging_mixin.py:188} INFO - Downloaded transactions/date=2025-11-23/transactions_175621184612.parquet -> /tmp/minio_downloads/transactions_175621184612.parquet
[2025-11-24T10:51:05.267+0000] {logging_mixin.py:188} INFO - Downloaded transactions/date=2025-11-23/transactions_175621271829.parquet -> /tmp/minio_downloads/transactions_175621271829.parquet
[2025-11-24T10:51:05.323+0000] {logging_mixin.py:188} INFO - Downloaded transactions/date=2025-11-23/transactions_175621388021.parquet -> /tmp/minio_downloads/transactions_175621388021.parquet
[2025-11-24T10:51:05.504+0000] {logging_mixin.py:188} INFO - Downloaded transactions/date=2025-11-23/transactions_175621518802.parquet -> /tmp/minio_downloads/transactions_175621518802.parquet
[2025-11-24T10:51:05.522+0000] {logging_mixin.py:188} INFO - Downloaded transactions/date=2025-11-23/transactions_175621602185.parquet -> /tmp/minio_downloads/transactions_175621602185.parquet
[2025-11-24T10:51:05.523+0000] {python.py:237} INFO - Done. Returned value was: {'customers': ['/tmp/minio_downloads/customers_175620861529.parquet'], 'accounts': ['/tmp/minio_downloads/accounts_175620592035.parquet', '/tmp/minio_downloads/accounts_175620691392.parquet', '/tmp/minio_downloads/accounts_175620780653.parquet'], 'transactions': ['/tmp/minio_downloads/transactions_175620940828.parquet', '/tmp/minio_downloads/transactions_175621026453.parquet', '/tmp/minio_downloads/transactions_175621101964.parquet', '/tmp/minio_downloads/transactions_175621184612.parquet', '/tmp/minio_downloads/transactions_175621271829.parquet', '/tmp/minio_downloads/transactions_175621388021.parquet', '/tmp/minio_downloads/transactions_175621518802.parquet', '/tmp/minio_downloads/transactions_175621602185.parquet']}
[2025-11-24T10:51:05.524+0000] {taskinstance.py:441} INFO - ::group::Post task execution logs
[2025-11-24T10:51:05.574+0000] {taskinstance.py:1206} INFO - Marking task as SUCCESS. dag_id=minio_to_snowflake_banking, task_id=download_minio, run_id=scheduled__2025-11-24T10:50:00+00:00, execution_date=20251124T105000, start_date=20251124T105104, end_date=20251124T105105
[2025-11-24T10:51:05.626+0000] {local_task_job_runner.py:243} INFO - Task exited with return code 0
[2025-11-24T10:51:05.664+0000] {taskinstance.py:3503} INFO - 1 downstream tasks scheduled from follow-on schedule check
[2025-11-24T10:51:05.680+0000] {local_task_job_runner.py:222} INFO - ::endgroup::
