[2025-11-24T15:59:07.577+0000] {local_task_job_runner.py:120} INFO - ::group::Pre task execution logs
[2025-11-24T15:59:07.601+0000] {taskinstance.py:2076} INFO - Dependencies all met for dep_context=non-requeueable deps ti=<TaskInstance: minio_to_snowflake_banking.load_snowflake scheduled__2025-11-24T15:58:00+00:00 [queued]>
[2025-11-24T15:59:07.608+0000] {taskinstance.py:2076} INFO - Dependencies all met for dep_context=requeueable deps ti=<TaskInstance: minio_to_snowflake_banking.load_snowflake scheduled__2025-11-24T15:58:00+00:00 [queued]>
[2025-11-24T15:59:07.610+0000] {taskinstance.py:2306} INFO - Starting attempt 1 of 2
[2025-11-24T15:59:07.620+0000] {taskinstance.py:2330} INFO - Executing <Task(PythonOperator): load_snowflake> on 2025-11-24 15:58:00+00:00
[2025-11-24T15:59:07.627+0000] {standard_task_runner.py:90} INFO - Running: ['***', 'tasks', 'run', 'minio_to_snowflake_banking', 'load_snowflake', 'scheduled__2025-11-24T15:58:00+00:00', '--job-id', '573', '--raw', '--subdir', 'DAGS_FOLDER/minio_to_snowflake_dags.py', '--cfg-path', '/tmp/tmpueen49mu']
[2025-11-24T15:59:07.629+0000] {logging_mixin.py:188} WARNING - /home/***/.local/lib/python3.12/site-packages/***/task/task_runner/standard_task_runner.py:62 DeprecationWarning: This process (pid=21969) is multi-threaded, use of fork() may lead to deadlocks in the child.
[2025-11-24T15:59:07.630+0000] {standard_task_runner.py:91} INFO - Job 573: Subtask load_snowflake
[2025-11-24T15:59:07.630+0000] {standard_task_runner.py:64} INFO - Started process 21983 to run task
[2025-11-24T15:59:07.703+0000] {task_command.py:426} INFO - Running <TaskInstance: minio_to_snowflake_banking.load_snowflake scheduled__2025-11-24T15:58:00+00:00 [running]> on host 39b871a92752
[2025-11-24T15:59:07.781+0000] {taskinstance.py:2648} INFO - Exporting env vars: AIRFLOW_CTX_DAG_OWNER='***' AIRFLOW_CTX_DAG_ID='minio_to_snowflake_banking' AIRFLOW_CTX_TASK_ID='load_snowflake' AIRFLOW_CTX_EXECUTION_DATE='2025-11-24T15:58:00+00:00' AIRFLOW_CTX_TRY_NUMBER='1' AIRFLOW_CTX_DAG_RUN_ID='scheduled__2025-11-24T15:58:00+00:00'
[2025-11-24T15:59:07.783+0000] {taskinstance.py:430} INFO - ::endgroup::
[2025-11-24T15:59:07.805+0000] {connection.py:521} INFO - Snowflake Connector for Python Version: 3.18.0, Python Version: 3.12.4, Platform: Linux-6.6.87.2-microsoft-standard-WSL2-x86_64-with-glibc2.36
[2025-11-24T15:59:07.807+0000] {connection.py:1464} INFO - Connecting to GLOBAL Snowflake domain
[2025-11-24T15:59:08.675+0000] {logging_mixin.py:188} INFO - Uploaded /tmp/minio_downloads/customers_175620861529.parquet -> @customers stage
[2025-11-24T15:59:09.055+0000] {logging_mixin.py:188} INFO - Data loaded into customers
[2025-11-24T15:59:09.205+0000] {logging_mixin.py:188} INFO - Uploaded /tmp/minio_downloads/accounts_175620592035.parquet -> @accounts stage
[2025-11-24T15:59:09.309+0000] {logging_mixin.py:188} INFO - Uploaded /tmp/minio_downloads/accounts_175620691392.parquet -> @accounts stage
[2025-11-24T15:59:09.460+0000] {logging_mixin.py:188} INFO - Uploaded /tmp/minio_downloads/accounts_175620780653.parquet -> @accounts stage
[2025-11-24T15:59:09.776+0000] {logging_mixin.py:188} INFO - Data loaded into accounts
[2025-11-24T15:59:09.945+0000] {logging_mixin.py:188} INFO - Uploaded /tmp/minio_downloads/transactions_175620940828.parquet -> @transactions stage
[2025-11-24T15:59:10.070+0000] {logging_mixin.py:188} INFO - Uploaded /tmp/minio_downloads/transactions_175621026453.parquet -> @transactions stage
[2025-11-24T15:59:10.178+0000] {logging_mixin.py:188} INFO - Uploaded /tmp/minio_downloads/transactions_175621101964.parquet -> @transactions stage
[2025-11-24T15:59:10.285+0000] {logging_mixin.py:188} INFO - Uploaded /tmp/minio_downloads/transactions_175621184612.parquet -> @transactions stage
[2025-11-24T15:59:10.423+0000] {logging_mixin.py:188} INFO - Uploaded /tmp/minio_downloads/transactions_175621271829.parquet -> @transactions stage
[2025-11-24T15:59:10.538+0000] {logging_mixin.py:188} INFO - Uploaded /tmp/minio_downloads/transactions_175621388021.parquet -> @transactions stage
[2025-11-24T15:59:10.641+0000] {logging_mixin.py:188} INFO - Uploaded /tmp/minio_downloads/transactions_175621518802.parquet -> @transactions stage
[2025-11-24T15:59:10.797+0000] {logging_mixin.py:188} INFO - Uploaded /tmp/minio_downloads/transactions_175621602185.parquet -> @transactions stage
[2025-11-24T15:59:11.144+0000] {logging_mixin.py:188} INFO - Data loaded into transactions
[2025-11-24T15:59:11.206+0000] {python.py:237} INFO - Done. Returned value was: None
[2025-11-24T15:59:11.208+0000] {taskinstance.py:441} INFO - ::group::Post task execution logs
[2025-11-24T15:59:11.216+0000] {taskinstance.py:1206} INFO - Marking task as SUCCESS. dag_id=minio_to_snowflake_banking, task_id=load_snowflake, run_id=scheduled__2025-11-24T15:58:00+00:00, execution_date=20251124T155800, start_date=20251124T155907, end_date=20251124T155911
[2025-11-24T15:59:11.263+0000] {local_task_job_runner.py:243} INFO - Task exited with return code 0
[2025-11-24T15:59:11.278+0000] {taskinstance.py:3503} INFO - 0 downstream tasks scheduled from follow-on schedule check
[2025-11-24T15:59:11.281+0000] {local_task_job_runner.py:222} INFO - ::endgroup::
