[2025-11-24T14:55:07.191+0000] {local_task_job_runner.py:120} INFO - ::group::Pre task execution logs
[2025-11-24T14:55:07.213+0000] {taskinstance.py:2076} INFO - Dependencies all met for dep_context=non-requeueable deps ti=<TaskInstance: minio_to_snowflake_banking.load_snowflake scheduled__2025-11-24T14:54:00+00:00 [queued]>
[2025-11-24T14:55:07.221+0000] {taskinstance.py:2076} INFO - Dependencies all met for dep_context=requeueable deps ti=<TaskInstance: minio_to_snowflake_banking.load_snowflake scheduled__2025-11-24T14:54:00+00:00 [queued]>
[2025-11-24T14:55:07.222+0000] {taskinstance.py:2306} INFO - Starting attempt 1 of 2
[2025-11-24T14:55:07.232+0000] {taskinstance.py:2330} INFO - Executing <Task(PythonOperator): load_snowflake> on 2025-11-24 14:54:00+00:00
[2025-11-24T14:55:07.240+0000] {standard_task_runner.py:90} INFO - Running: ['***', 'tasks', 'run', 'minio_to_snowflake_banking', 'load_snowflake', 'scheduled__2025-11-24T14:54:00+00:00', '--job-id', '445', '--raw', '--subdir', 'DAGS_FOLDER/minio_to_snowflake_dags.py', '--cfg-path', '/tmp/tmplecda342']
[2025-11-24T14:55:07.244+0000] {standard_task_runner.py:91} INFO - Job 445: Subtask load_snowflake
[2025-11-24T14:55:07.245+0000] {logging_mixin.py:188} WARNING - /home/***/.local/lib/python3.12/site-packages/***/task/task_runner/standard_task_runner.py:62 DeprecationWarning: This process (pid=17023) is multi-threaded, use of fork() may lead to deadlocks in the child.
[2025-11-24T14:55:07.246+0000] {standard_task_runner.py:64} INFO - Started process 17037 to run task
[2025-11-24T14:55:07.324+0000] {task_command.py:426} INFO - Running <TaskInstance: minio_to_snowflake_banking.load_snowflake scheduled__2025-11-24T14:54:00+00:00 [running]> on host 39b871a92752
[2025-11-24T14:55:07.400+0000] {taskinstance.py:2648} INFO - Exporting env vars: AIRFLOW_CTX_DAG_OWNER='***' AIRFLOW_CTX_DAG_ID='minio_to_snowflake_banking' AIRFLOW_CTX_TASK_ID='load_snowflake' AIRFLOW_CTX_EXECUTION_DATE='2025-11-24T14:54:00+00:00' AIRFLOW_CTX_TRY_NUMBER='1' AIRFLOW_CTX_DAG_RUN_ID='scheduled__2025-11-24T14:54:00+00:00'
[2025-11-24T14:55:07.403+0000] {taskinstance.py:430} INFO - ::endgroup::
[2025-11-24T14:55:07.424+0000] {connection.py:521} INFO - Snowflake Connector for Python Version: 3.18.0, Python Version: 3.12.4, Platform: Linux-6.6.87.2-microsoft-standard-WSL2-x86_64-with-glibc2.36
[2025-11-24T14:55:07.425+0000] {connection.py:1464} INFO - Connecting to GLOBAL Snowflake domain
[2025-11-24T14:55:08.356+0000] {logging_mixin.py:188} INFO - Uploaded /tmp/minio_downloads/customers_175620861529.parquet -> @customers stage
[2025-11-24T14:55:08.789+0000] {logging_mixin.py:188} INFO - Data loaded into customers
[2025-11-24T14:55:08.958+0000] {logging_mixin.py:188} INFO - Uploaded /tmp/minio_downloads/accounts_175620592035.parquet -> @accounts stage
[2025-11-24T14:55:09.054+0000] {logging_mixin.py:188} INFO - Uploaded /tmp/minio_downloads/accounts_175620691392.parquet -> @accounts stage
[2025-11-24T14:55:09.232+0000] {logging_mixin.py:188} INFO - Uploaded /tmp/minio_downloads/accounts_175620780653.parquet -> @accounts stage
[2025-11-24T14:55:09.599+0000] {logging_mixin.py:188} INFO - Data loaded into accounts
[2025-11-24T14:55:09.759+0000] {logging_mixin.py:188} INFO - Uploaded /tmp/minio_downloads/transactions_175620940828.parquet -> @transactions stage
[2025-11-24T14:55:09.862+0000] {logging_mixin.py:188} INFO - Uploaded /tmp/minio_downloads/transactions_175621026453.parquet -> @transactions stage
[2025-11-24T14:55:09.967+0000] {logging_mixin.py:188} INFO - Uploaded /tmp/minio_downloads/transactions_175621101964.parquet -> @transactions stage
[2025-11-24T14:55:10.071+0000] {logging_mixin.py:188} INFO - Uploaded /tmp/minio_downloads/transactions_175621184612.parquet -> @transactions stage
[2025-11-24T14:55:10.170+0000] {logging_mixin.py:188} INFO - Uploaded /tmp/minio_downloads/transactions_175621271829.parquet -> @transactions stage
[2025-11-24T14:55:10.288+0000] {logging_mixin.py:188} INFO - Uploaded /tmp/minio_downloads/transactions_175621388021.parquet -> @transactions stage
[2025-11-24T14:55:10.430+0000] {logging_mixin.py:188} INFO - Uploaded /tmp/minio_downloads/transactions_175621518802.parquet -> @transactions stage
[2025-11-24T14:55:10.562+0000] {logging_mixin.py:188} INFO - Uploaded /tmp/minio_downloads/transactions_175621602185.parquet -> @transactions stage
[2025-11-24T14:55:10.926+0000] {logging_mixin.py:188} INFO - Data loaded into transactions
[2025-11-24T14:55:10.995+0000] {python.py:237} INFO - Done. Returned value was: None
[2025-11-24T14:55:10.996+0000] {taskinstance.py:441} INFO - ::group::Post task execution logs
[2025-11-24T14:55:11.013+0000] {taskinstance.py:1206} INFO - Marking task as SUCCESS. dag_id=minio_to_snowflake_banking, task_id=load_snowflake, run_id=scheduled__2025-11-24T14:54:00+00:00, execution_date=20251124T145400, start_date=20251124T145507, end_date=20251124T145511
[2025-11-24T14:55:11.080+0000] {local_task_job_runner.py:243} INFO - Task exited with return code 0
[2025-11-24T14:55:11.106+0000] {taskinstance.py:3503} INFO - 0 downstream tasks scheduled from follow-on schedule check
[2025-11-24T14:55:11.110+0000] {local_task_job_runner.py:222} INFO - ::endgroup::
