[2025-11-24T13:57:06.028+0000] {local_task_job_runner.py:120} INFO - ::group::Pre task execution logs
[2025-11-24T13:57:06.047+0000] {taskinstance.py:2076} INFO - Dependencies all met for dep_context=non-requeueable deps ti=<TaskInstance: minio_to_snowflake_banking.load_snowflake scheduled__2025-11-24T13:56:00+00:00 [queued]>
[2025-11-24T13:57:06.052+0000] {taskinstance.py:2076} INFO - Dependencies all met for dep_context=requeueable deps ti=<TaskInstance: minio_to_snowflake_banking.load_snowflake scheduled__2025-11-24T13:56:00+00:00 [queued]>
[2025-11-24T13:57:06.054+0000] {taskinstance.py:2306} INFO - Starting attempt 1 of 2
[2025-11-24T13:57:06.064+0000] {taskinstance.py:2330} INFO - Executing <Task(PythonOperator): load_snowflake> on 2025-11-24 13:56:00+00:00
[2025-11-24T13:57:06.074+0000] {logging_mixin.py:188} WARNING - /home/***/.local/lib/python3.12/site-packages/***/task/task_runner/standard_task_runner.py:62 DeprecationWarning: This process (pid=13864) is multi-threaded, use of fork() may lead to deadlocks in the child.
[2025-11-24T13:57:06.072+0000] {standard_task_runner.py:90} INFO - Running: ['***', 'tasks', 'run', 'minio_to_snowflake_banking', 'load_snowflake', 'scheduled__2025-11-24T13:56:00+00:00', '--job-id', '363', '--raw', '--subdir', 'DAGS_FOLDER/minio_to_snowflake_dags.py', '--cfg-path', '/tmp/tmpyhqlhk75']
[2025-11-24T13:57:06.075+0000] {standard_task_runner.py:64} INFO - Started process 13878 to run task
[2025-11-24T13:57:06.075+0000] {standard_task_runner.py:91} INFO - Job 363: Subtask load_snowflake
[2025-11-24T13:57:06.138+0000] {task_command.py:426} INFO - Running <TaskInstance: minio_to_snowflake_banking.load_snowflake scheduled__2025-11-24T13:56:00+00:00 [running]> on host 39b871a92752
[2025-11-24T13:57:06.230+0000] {taskinstance.py:2648} INFO - Exporting env vars: AIRFLOW_CTX_DAG_OWNER='***' AIRFLOW_CTX_DAG_ID='minio_to_snowflake_banking' AIRFLOW_CTX_TASK_ID='load_snowflake' AIRFLOW_CTX_EXECUTION_DATE='2025-11-24T13:56:00+00:00' AIRFLOW_CTX_TRY_NUMBER='1' AIRFLOW_CTX_DAG_RUN_ID='scheduled__2025-11-24T13:56:00+00:00'
[2025-11-24T13:57:06.232+0000] {taskinstance.py:430} INFO - ::endgroup::
[2025-11-24T13:57:06.260+0000] {connection.py:521} INFO - Snowflake Connector for Python Version: 3.18.0, Python Version: 3.12.4, Platform: Linux-6.6.87.2-microsoft-standard-WSL2-x86_64-with-glibc2.36
[2025-11-24T13:57:06.261+0000] {connection.py:1464} INFO - Connecting to GLOBAL Snowflake domain
[2025-11-24T13:57:07.157+0000] {logging_mixin.py:188} INFO - Uploaded /tmp/minio_downloads/customers_175620861529.parquet -> @customers stage
[2025-11-24T13:57:07.550+0000] {logging_mixin.py:188} INFO - Data loaded into customers
[2025-11-24T13:57:07.676+0000] {logging_mixin.py:188} INFO - Uploaded /tmp/minio_downloads/accounts_175620592035.parquet -> @accounts stage
[2025-11-24T13:57:07.829+0000] {logging_mixin.py:188} INFO - Uploaded /tmp/minio_downloads/accounts_175620691392.parquet -> @accounts stage
[2025-11-24T13:57:07.941+0000] {logging_mixin.py:188} INFO - Uploaded /tmp/minio_downloads/accounts_175620780653.parquet -> @accounts stage
[2025-11-24T13:57:08.279+0000] {logging_mixin.py:188} INFO - Data loaded into accounts
[2025-11-24T13:57:08.408+0000] {logging_mixin.py:188} INFO - Uploaded /tmp/minio_downloads/transactions_175620940828.parquet -> @transactions stage
[2025-11-24T13:57:08.585+0000] {logging_mixin.py:188} INFO - Uploaded /tmp/minio_downloads/transactions_175621026453.parquet -> @transactions stage
[2025-11-24T13:57:08.711+0000] {logging_mixin.py:188} INFO - Uploaded /tmp/minio_downloads/transactions_175621101964.parquet -> @transactions stage
[2025-11-24T13:57:08.812+0000] {logging_mixin.py:188} INFO - Uploaded /tmp/minio_downloads/transactions_175621184612.parquet -> @transactions stage
[2025-11-24T13:57:08.905+0000] {logging_mixin.py:188} INFO - Uploaded /tmp/minio_downloads/transactions_175621271829.parquet -> @transactions stage
[2025-11-24T13:57:09.044+0000] {logging_mixin.py:188} INFO - Uploaded /tmp/minio_downloads/transactions_175621388021.parquet -> @transactions stage
[2025-11-24T13:57:09.148+0000] {logging_mixin.py:188} INFO - Uploaded /tmp/minio_downloads/transactions_175621518802.parquet -> @transactions stage
[2025-11-24T13:57:09.245+0000] {logging_mixin.py:188} INFO - Uploaded /tmp/minio_downloads/transactions_175621602185.parquet -> @transactions stage
[2025-11-24T13:57:09.561+0000] {logging_mixin.py:188} INFO - Data loaded into transactions
[2025-11-24T13:57:09.633+0000] {python.py:237} INFO - Done. Returned value was: None
[2025-11-24T13:57:09.635+0000] {taskinstance.py:441} INFO - ::group::Post task execution logs
[2025-11-24T13:57:09.643+0000] {taskinstance.py:1206} INFO - Marking task as SUCCESS. dag_id=minio_to_snowflake_banking, task_id=load_snowflake, run_id=scheduled__2025-11-24T13:56:00+00:00, execution_date=20251124T135600, start_date=20251124T135706, end_date=20251124T135709
[2025-11-24T13:57:09.668+0000] {local_task_job_runner.py:243} INFO - Task exited with return code 0
[2025-11-24T13:57:09.682+0000] {taskinstance.py:3503} INFO - 0 downstream tasks scheduled from follow-on schedule check
[2025-11-24T13:57:09.685+0000] {local_task_job_runner.py:222} INFO - ::endgroup::
